[0.021s] Invoking command in '/home/sgan/ws_demo_1/src/build/kinova_graspnet_ros2': CMAKE_PREFIX_PATH=${CMAKE_PREFIX_PATH}:/home/sgan/ws_demo_1/install/rqt_joint_trajectory_controller:/home/sgan/ws_demo_1/install/rqt_controller_manager:/home/sgan/ws_demo_1/install/ros2controlcli:/home/sgan/ws_demo_1/install/ros2_controllers_test_nodes:/home/sgan/ws_demo_1/install/kinova_camera_streamer:/home/sgan/ws_demo_2/install/rqt_joint_trajectory_controller:/home/sgan/ws_demo_2/install/rqt_controller_manager:/home/sgan/ws_demo_2/install/ros2controlcli:/home/sgan/ws_demo_2/install/ros2_controllers_test_nodes:/opt/ros/humble CONDA_PROMPT_MODIFIER=(graspnet) /usr/bin/cmake /home/sgan/ws_demo_1/src/kinova_graspnet_ros2 -DCMAKE_INSTALL_PREFIX=/home/sgan/ws_demo_1/src/install/kinova_graspnet_ros2
[0.110s] -- The C compiler identification is GNU 11.4.0
[0.171s] -- The CXX compiler identification is GNU 11.4.0
[0.181s] -- Detecting C compiler ABI info
[0.290s] -- Detecting C compiler ABI info - done
[0.294s] -- Check for working C compiler: /usr/bin/cc - skipped
[0.295s] -- Detecting C compile features
[0.295s] -- Detecting C compile features - done
[0.298s] -- Detecting CXX compiler ABI info
[0.411s] -- Detecting CXX compiler ABI info - done
[0.415s] -- Check for working CXX compiler: /usr/bin/c++ - skipped
[0.415s] -- Detecting CXX compile features
[0.415s] -- Detecting CXX compile features - done
[0.435s] -- Found ament_cmake: 1.3.11 (/opt/ros/humble/share/ament_cmake/cmake)
[0.744s] -- Found Python3: /home/sgan/miniconda3/envs/graspnet/bin/python3 (found version "3.10.18") found components: Interpreter 
[0.980s] -- Found rclcpp: 16.0.12 (/opt/ros/humble/share/rclcpp/cmake)
[1.138s] -- Found rosidl_generator_c: 3.1.6 (/opt/ros/humble/share/rosidl_generator_c/cmake)
[1.163s] -- Found rosidl_adapter: 3.1.6 (/opt/ros/humble/share/rosidl_adapter/cmake)
[1.191s] -- Found rosidl_generator_cpp: 3.1.6 (/opt/ros/humble/share/rosidl_generator_cpp/cmake)
[1.225s] -- Using all available rosidl_typesupport_c: rosidl_typesupport_fastrtps_c;rosidl_typesupport_introspection_c
[1.274s] -- Using all available rosidl_typesupport_cpp: rosidl_typesupport_fastrtps_cpp;rosidl_typesupport_introspection_cpp
[1.417s] -- Found rmw_implementation_cmake: 6.1.2 (/opt/ros/humble/share/rmw_implementation_cmake/cmake)
[1.436s] -- Found rmw_fastrtps_cpp: 6.2.7 (/opt/ros/humble/share/rmw_fastrtps_cpp/cmake)
[1.664s] -- Found OpenSSL: /usr/lib/x86_64-linux-gnu/libcrypto.so (found version "3.0.2")  
[1.705s] -- Found FastRTPS: /opt/ros/humble/include  
[1.769s] -- Using RMW implementation 'rmw_fastrtps_cpp' as default
[1.809s] -- Looking for pthread.h
[1.919s] -- Looking for pthread.h - found
[1.919s] -- Performing Test CMAKE_HAVE_LIBC_PTHREAD
[2.032s] -- Performing Test CMAKE_HAVE_LIBC_PTHREAD - Success
[2.033s] -- Found Threads: TRUE  
[2.123s] -- Found rclpy: 3.3.16 (/opt/ros/humble/share/rclpy/cmake)
[2.136s] -- Found rosidl_default_generators: 1.2.0 (/opt/ros/humble/share/rosidl_default_generators/cmake)
[2.176s] -- Found geometry_msgs: 4.9.0 (/opt/ros/humble/share/geometry_msgs/cmake)
[2.198s] -- Found sensor_msgs: 4.9.0 (/opt/ros/humble/share/sensor_msgs/cmake)
[2.298s] [31mCMake Error at /opt/ros/humble/share/rosidl_adapter/cmake/rosidl_adapt_interfaces.cmake:59 (message):
[2.298s]   execute_process(/home/sgan/miniconda3/envs/graspnet/bin/python3 -m
[2.298s]   rosidl_adapter --package-name kinova_graspnet_ros2 --arguments-file
[2.298s]   /home/sgan/ws_demo_1/src/build/kinova_graspnet_ros2/rosidl_adapter__arguments__kinova_graspnet_ros2.json
[2.298s]   --output-dir
[2.298s]   /home/sgan/ws_demo_1/src/build/kinova_graspnet_ros2/rosidl_adapter/kinova_graspnet_ros2
[2.299s]   --output-file
[2.299s]   /home/sgan/ws_demo_1/src/build/kinova_graspnet_ros2/rosidl_adapter/kinova_graspnet_ros2.idls)
[2.299s]   returned error code 1:
[2.299s] 
[2.299s]   Traceback (most recent call last):
[2.299s] 
[2.299s]     File "/home/sgan/miniconda3/envs/graspnet/lib/python3.10/runpy.py", line 196, in _run_module_as_main
[2.299s]       return _run_code(code, main_globals, None,
[2.299s]     File "/home/sgan/miniconda3/envs/graspnet/lib/python3.10/runpy.py", line 86, in _run_code
[2.299s]       exec(code, run_globals)
[2.299s]     File "/opt/ros/humble/local/lib/python3.10/dist-packages/rosidl_adapter/__main__.py", line 19, in <module>
[2.299s]       sys.exit(main())
[2.299s]     File "/opt/ros/humble/local/lib/python3.10/dist-packages/rosidl_adapter/main.py", line 53, in main
[2.299s]       abs_idl_file = convert_to_idl(
[2.299s]     File "/opt/ros/humble/local/lib/python3.10/dist-packages/rosidl_adapter/__init__.py", line 23, in convert_to_idl
[2.299s]       from rosidl_adapter.srv import convert_srv_to_idl
[2.299s]     File "/opt/ros/humble/local/lib/python3.10/dist-packages/rosidl_adapter/srv/__init__.py", line 16, in <module>
[2.299s]       from rosidl_adapter.resource import expand_template
[2.299s]     File "/opt/ros/humble/local/lib/python3.10/dist-packages/rosidl_adapter/resource/__init__.py", line 19, in <module>
[2.299s]       import em
[2.299s] 
[2.299s]   ModuleNotFoundError: No module named 'em'
[2.299s] 
[2.299s] Call Stack (most recent call first):
[2.299s]   /opt/ros/humble/share/rosidl_cmake/cmake/rosidl_generate_interfaces.cmake:130 (rosidl_adapt_interfaces)
[2.299s]   CMakeLists.txt:19 (rosidl_generate_interfaces)
[2.299s] 
[2.299s] [0m
[2.299s] -- Configuring incomplete, errors occurred!
[2.299s] See also "/home/sgan/ws_demo_1/src/build/kinova_graspnet_ros2/CMakeFiles/CMakeOutput.log".
[2.307s] Invoked command in '/home/sgan/ws_demo_1/src/build/kinova_graspnet_ros2' returned '1': CMAKE_PREFIX_PATH=${CMAKE_PREFIX_PATH}:/home/sgan/ws_demo_1/install/rqt_joint_trajectory_controller:/home/sgan/ws_demo_1/install/rqt_controller_manager:/home/sgan/ws_demo_1/install/ros2controlcli:/home/sgan/ws_demo_1/install/ros2_controllers_test_nodes:/home/sgan/ws_demo_1/install/kinova_camera_streamer:/home/sgan/ws_demo_2/install/rqt_joint_trajectory_controller:/home/sgan/ws_demo_2/install/rqt_controller_manager:/home/sgan/ws_demo_2/install/ros2controlcli:/home/sgan/ws_demo_2/install/ros2_controllers_test_nodes:/opt/ros/humble CONDA_PROMPT_MODIFIER=(graspnet) /usr/bin/cmake /home/sgan/ws_demo_1/src/kinova_graspnet_ros2 -DCMAKE_INSTALL_PREFIX=/home/sgan/ws_demo_1/src/install/kinova_graspnet_ros2
