[0.014s] Invoking command in '/home/roar/workspace/src/build/kinova_graspnet_ros2': CMAKE_PREFIX_PATH=${CMAKE_PREFIX_PATH}:/home/roar/workspace/install/rqt_joint_trajectory_controller:/home/roar/workspace/install/rqt_controller_manager:/home/roar/workspace/install/ros2controlcli:/home/roar/workspace/install/ros2_controllers_test_nodes:/opt/ros/humble /usr/bin/cmake /home/roar/workspace/src/kinova_graspnet_ros2 -DCMAKE_INSTALL_PREFIX=/home/roar/workspace/src/install/kinova_graspnet_ros2
[0.024s] -- Found ament_cmake: 1.3.12 (/opt/ros/humble/share/ament_cmake/cmake)
[0.128s] -- Found rclcpp: 16.0.14 (/opt/ros/humble/share/rclcpp/cmake)
[0.146s] -- Found rosidl_generator_c: 3.1.7 (/opt/ros/humble/share/rosidl_generator_c/cmake)
[0.147s] -- Found rosidl_adapter: 3.1.7 (/opt/ros/humble/share/rosidl_adapter/cmake)
[0.151s] -- Found rosidl_generator_cpp: 3.1.7 (/opt/ros/humble/share/rosidl_generator_cpp/cmake)
[0.159s] -- Using all available rosidl_typesupport_c: rosidl_typesupport_fastrtps_c;rosidl_typesupport_introspection_c
[0.168s] -- Using all available rosidl_typesupport_cpp: rosidl_typesupport_fastrtps_cpp;rosidl_typesupport_introspection_cpp
[0.191s] -- Found rmw_implementation_cmake: 6.1.2 (/opt/ros/humble/share/rmw_implementation_cmake/cmake)
[0.193s] -- Found rmw_fastrtps_cpp: 6.2.8 (/opt/ros/humble/share/rmw_fastrtps_cpp/cmake)
[0.265s] -- Using RMW implementation 'rmw_fastrtps_cpp' as default
[0.272s] [31mCMake Error at /opt/ros/humble/share/rcl_logging_spdlog/cmake/ament_cmake_export_dependencies-extras.cmake:21 (find_package):
[0.272s]   By not providing "Findspdlog.cmake" in CMAKE_MODULE_PATH this project has
[0.272s]   asked CMake to find a package configuration file provided by "spdlog", but
[0.272s]   CMake did not find one.
[0.272s] 
[0.272s]   Could not find a package configuration file provided by "spdlog" with any
[0.273s]   of the following names:
[0.273s] 
[0.273s]     spdlogConfig.cmake
[0.273s]     spdlog-config.cmake
[0.273s] 
[0.273s]   Add the installation prefix of "spdlog" to CMAKE_PREFIX_PATH or set
[0.273s]   "spdlog_DIR" to a directory containing one of the above files.  If "spdlog"
[0.273s]   provides a separate development package or SDK, be sure it has been
[0.273s]   installed.
[0.273s] Call Stack (most recent call first):
[0.273s]   /opt/ros/humble/share/rcl_logging_spdlog/cmake/rcl_logging_spdlogConfig.cmake:41 (include)
[0.273s]   /opt/ros/humble/share/rcl/cmake/ament_cmake_export_dependencies-extras.cmake:21 (find_package)
[0.273s]   /opt/ros/humble/share/rcl/cmake/rclConfig.cmake:41 (include)
[0.273s]   /opt/ros/humble/share/libstatistics_collector/cmake/ament_cmake_export_dependencies-extras.cmake:21 (find_package)
[0.273s]   /opt/ros/humble/share/libstatistics_collector/cmake/libstatistics_collectorConfig.cmake:41 (include)
[0.273s]   /opt/ros/humble/share/rclcpp/cmake/ament_cmake_export_dependencies-extras.cmake:21 (find_package)
[0.273s]   /opt/ros/humble/share/rclcpp/cmake/rclcppConfig.cmake:41 (include)
[0.273s]   CMakeLists.txt:11 (find_package)
[0.273s] 
[0.273s] [0m
[0.273s] -- Configuring incomplete, errors occurred!
[0.273s] See also "/home/roar/workspace/src/build/kinova_graspnet_ros2/CMakeFiles/CMakeOutput.log".
[0.277s] Invoked command in '/home/roar/workspace/src/build/kinova_graspnet_ros2' returned '1': CMAKE_PREFIX_PATH=${CMAKE_PREFIX_PATH}:/home/roar/workspace/install/rqt_joint_trajectory_controller:/home/roar/workspace/install/rqt_controller_manager:/home/roar/workspace/install/ros2controlcli:/home/roar/workspace/install/ros2_controllers_test_nodes:/opt/ros/humble /usr/bin/cmake /home/roar/workspace/src/kinova_graspnet_ros2 -DCMAKE_INSTALL_PREFIX=/home/roar/workspace/src/install/kinova_graspnet_ros2
