[0.011s] Invoking command in '/home/roar/workspace/src/build/kinova_graspnet_ros2': CMAKE_PREFIX_PATH=${CMAKE_PREFIX_PATH}:/home/roar/workspace/install/kortex_bringup:/home/roar/workspace/install/kinova_gen3_lite_moveit_config:/home/roar/workspace/install/kinova_gen3_7dof_robotiq_2f_85_moveit_config:/home/roar/workspace/install/kinova_gen3_6dof_robotiq_2f_85_moveit_config:/home/roar/workspace/install/kortex_description:/home/roar/workspace/install/robotiq_description:/home/roar/workspace/install/ros2_controllers:/home/roar/workspace/install/ign_ros2_control_demos:/home/roar/workspace/install/gz_ros2_control_demos:/home/roar/workspace/install/gazebo_ros2_control_demos:/home/roar/workspace/install/velocity_controllers:/home/roar/workspace/install/tricycle_steering_controller:/home/roar/workspace/install/tricycle_controller:/home/roar/workspace/install/ros2_control:/home/roar/workspace/install/transmission_interface:/home/roar/workspace/install/test_ros_gz_bridge:/home/roar/workspace/install/bicycle_steering_controller:/home/roar/workspace/install/ackermann_steering_controller:/home/roar/workspace/install/steering_controllers_library:/home/roar/workspace/install/robotiq_hardware_tests:/home/roar/workspace/install/robotiq_driver:/home/roar/workspace/install/serial:/home/roar/workspace/install/rqt_joint_trajectory_controller:/home/roar/workspace/install/rqt_controller_manager:/home/roar/workspace/install/ros_ign_interfaces:/home/roar/workspace/install/ros_ign:/home/roar/workspace/install/ros_ign_image:/home/roar/workspace/install/ros_ign_gazebo_demos:/home/roar/workspace/install/ros_ign_gazebo:/home/roar/workspace/install/ros_ign_bridge:/home/roar/workspace/install/ros_gz:/home/roar/workspace/install/ros_gz_sim_demos:/home/roar/workspace/install/ros_gz_sim:/home/roar/workspace/install/ros_gz_image:/home/roar/workspace/install/ros_gz_bridge:/home/roar/workspace/install/ros_gz_interfaces:/home/roar/workspace/install/ros2controlcli:/home/roar/workspace/install/ros2_controllers_test_nodes:/home/roar/workspace/install/ign_ros2_control:/home/roar/workspace/install/hardware_interface_testing:/home/roar/workspace/install/gz_ros2_control:/home/roar/workspace/install/gazebo_ros2_control:/home/roar/workspace/install/controller_manager:/home/roar/workspace/install/ros2_control_test_assets:/home/roar/workspace/install/robotiq_controllers:/home/roar/workspace/install/range_sensor_broadcaster:/home/roar/workspace/install/position_controllers:/home/roar/workspace/install/pose_broadcaster:/home/roar/workspace/install/pid_controller:/home/roar/workspace/install/picknik_twist_controller:/home/roar/workspace/install/picknik_reset_fault_controller:/home/roar/workspace/install/mecanum_drive_controller:/home/roar/workspace/install/joint_trajectory_controller:/home/roar/workspace/install/joint_state_broadcaster:/home/roar/workspace/install/imu_sensor_broadcaster:/home/roar/workspace/install/gripper_controllers:/home/roar/workspace/install/gpio_controllers:/home/roar/workspace/install/effort_controllers:/home/roar/workspace/install/forward_command_controller:/home/roar/workspace/install/force_torque_sensor_broadcaster:/home/roar/workspace/install/diff_drive_controller:/home/roar/workspace/install/admittance_controller:/home/roar/workspace/install/realtime_tools:/home/roar/workspace/install/kortex_driver:/home/roar/workspace/install/kortex_api:/home/roar/workspace/install/joint_limits:/home/roar/workspace/install/controller_interface:/home/roar/workspace/install/hardware_interface:/home/roar/workspace/install/gz_ros2_control_tests:/home/roar/workspace/install/controller_manager_msgs:/home/roar/workspace/install/control_msgs:/opt/ros/humble CONDA_PROMPT_MODIFIER=(graspnet) /usr/bin/cmake /home/roar/workspace/src/kinova_graspnet_ros2 -DCMAKE_INSTALL_PREFIX=/home/roar/workspace/src/install/kinova_graspnet_ros2
[0.162s] -- The C compiler identification is GNU 9.4.0
[0.239s] -- The CXX compiler identification is GNU 9.4.0
[0.250s] -- Detecting C compiler ABI info
[0.344s] -- Detecting C compiler ABI info - done
[0.357s] -- Check for working C compiler: /home/roar/miniconda3/envs/graspnet/bin/x86_64-conda-linux-gnu-cc - skipped
[0.357s] -- Detecting C compile features
[0.358s] -- Detecting C compile features - done
[0.362s] -- Detecting CXX compiler ABI info
[0.462s] -- Detecting CXX compiler ABI info - done
[0.472s] -- Check for working CXX compiler: /home/roar/miniconda3/envs/graspnet/bin/x86_64-conda-linux-gnu-c++ - skipped
[0.472s] -- Detecting CXX compile features
[0.472s] -- Detecting CXX compile features - done
[0.477s] -- Found ament_cmake: 1.3.12 (/opt/ros/humble/share/ament_cmake/cmake)
[0.748s] -- Found Python3: /home/roar/miniconda3/envs/graspnet/bin/python3 (found version "3.10.18") found components: Interpreter 
[0.879s] -- Found rclcpp: 16.0.14 (/opt/ros/humble/share/rclcpp/cmake)
[0.946s] -- Found rosidl_generator_c: 3.1.7 (/opt/ros/humble/share/rosidl_generator_c/cmake)
[0.956s] -- Found rosidl_adapter: 3.1.7 (/opt/ros/humble/share/rosidl_adapter/cmake)
[0.969s] -- Found rosidl_generator_cpp: 3.1.7 (/opt/ros/humble/share/rosidl_generator_cpp/cmake)
[0.987s] -- Using all available rosidl_typesupport_c: rosidl_typesupport_fastrtps_c;rosidl_typesupport_introspection_c
[1.011s] -- Using all available rosidl_typesupport_cpp: rosidl_typesupport_fastrtps_cpp;rosidl_typesupport_introspection_cpp
[1.080s] -- Found rmw_implementation_cmake: 6.1.2 (/opt/ros/humble/share/rmw_implementation_cmake/cmake)
[1.088s] -- Found rmw_fastrtps_cpp: 6.2.8 (/opt/ros/humble/share/rmw_fastrtps_cpp/cmake)
[1.220s] -- Found OpenSSL: /home/roar/miniconda3/envs/graspnet/lib/libcrypto.so (found version "3.5.1")  
[1.247s] -- Found FastRTPS: /opt/ros/humble/include  
[1.275s] -- Using RMW implementation 'rmw_fastrtps_cpp' as default
[1.290s] [31mCMake Error at /opt/ros/humble/share/rcl_logging_spdlog/cmake/ament_cmake_export_dependencies-extras.cmake:21 (find_package):
[1.290s]   By not providing "Findspdlog.cmake" in CMAKE_MODULE_PATH this project has
[1.291s]   asked CMake to find a package configuration file provided by "spdlog", but
[1.291s]   CMake did not find one.
[1.291s] 
[1.291s]   Could not find a package configuration file provided by "spdlog" with any
[1.291s]   of the following names:
[1.291s] 
[1.291s]     spdlogConfig.cmake
[1.291s]     spdlog-config.cmake
[1.291s] 
[1.291s]   Add the installation prefix of "spdlog" to CMAKE_PREFIX_PATH or set
[1.291s]   "spdlog_DIR" to a directory containing one of the above files.  If "spdlog"
[1.291s]   provides a separate development package or SDK, be sure it has been
[1.291s]   installed.
[1.291s] Call Stack (most recent call first):
[1.291s]   /opt/ros/humble/share/rcl_logging_spdlog/cmake/rcl_logging_spdlogConfig.cmake:41 (include)
[1.291s]   /opt/ros/humble/share/rcl/cmake/ament_cmake_export_dependencies-extras.cmake:21 (find_package)
[1.291s]   /opt/ros/humble/share/rcl/cmake/rclConfig.cmake:41 (include)
[1.291s]   /opt/ros/humble/share/libstatistics_collector/cmake/ament_cmake_export_dependencies-extras.cmake:21 (find_package)
[1.291s]   /opt/ros/humble/share/libstatistics_collector/cmake/libstatistics_collectorConfig.cmake:41 (include)
[1.291s]   /opt/ros/humble/share/rclcpp/cmake/ament_cmake_export_dependencies-extras.cmake:21 (find_package)
[1.291s]   /opt/ros/humble/share/rclcpp/cmake/rclcppConfig.cmake:41 (include)
[1.291s]   CMakeLists.txt:11 (find_package)
[1.291s] 
[1.291s] [0m
[1.291s] -- Configuring incomplete, errors occurred!
[1.291s] See also "/home/roar/workspace/src/build/kinova_graspnet_ros2/CMakeFiles/CMakeOutput.log".
[1.295s] Invoked command in '/home/roar/workspace/src/build/kinova_graspnet_ros2' returned '1': CMAKE_PREFIX_PATH=${CMAKE_PREFIX_PATH}:/home/roar/workspace/install/kortex_bringup:/home/roar/workspace/install/kinova_gen3_lite_moveit_config:/home/roar/workspace/install/kinova_gen3_7dof_robotiq_2f_85_moveit_config:/home/roar/workspace/install/kinova_gen3_6dof_robotiq_2f_85_moveit_config:/home/roar/workspace/install/kortex_description:/home/roar/workspace/install/robotiq_description:/home/roar/workspace/install/ros2_controllers:/home/roar/workspace/install/ign_ros2_control_demos:/home/roar/workspace/install/gz_ros2_control_demos:/home/roar/workspace/install/gazebo_ros2_control_demos:/home/roar/workspace/install/velocity_controllers:/home/roar/workspace/install/tricycle_steering_controller:/home/roar/workspace/install/tricycle_controller:/home/roar/workspace/install/ros2_control:/home/roar/workspace/install/transmission_interface:/home/roar/workspace/install/test_ros_gz_bridge:/home/roar/workspace/install/bicycle_steering_controller:/home/roar/workspace/install/ackermann_steering_controller:/home/roar/workspace/install/steering_controllers_library:/home/roar/workspace/install/robotiq_hardware_tests:/home/roar/workspace/install/robotiq_driver:/home/roar/workspace/install/serial:/home/roar/workspace/install/rqt_joint_trajectory_controller:/home/roar/workspace/install/rqt_controller_manager:/home/roar/workspace/install/ros_ign_interfaces:/home/roar/workspace/install/ros_ign:/home/roar/workspace/install/ros_ign_image:/home/roar/workspace/install/ros_ign_gazebo_demos:/home/roar/workspace/install/ros_ign_gazebo:/home/roar/workspace/install/ros_ign_bridge:/home/roar/workspace/install/ros_gz:/home/roar/workspace/install/ros_gz_sim_demos:/home/roar/workspace/install/ros_gz_sim:/home/roar/workspace/install/ros_gz_image:/home/roar/workspace/install/ros_gz_bridge:/home/roar/workspace/install/ros_gz_interfaces:/home/roar/workspace/install/ros2controlcli:/home/roar/workspace/install/ros2_controllers_test_nodes:/home/roar/workspace/install/ign_ros2_control:/home/roar/workspace/install/hardware_interface_testing:/home/roar/workspace/install/gz_ros2_control:/home/roar/workspace/install/gazebo_ros2_control:/home/roar/workspace/install/controller_manager:/home/roar/workspace/install/ros2_control_test_assets:/home/roar/workspace/install/robotiq_controllers:/home/roar/workspace/install/range_sensor_broadcaster:/home/roar/workspace/install/position_controllers:/home/roar/workspace/install/pose_broadcaster:/home/roar/workspace/install/pid_controller:/home/roar/workspace/install/picknik_twist_controller:/home/roar/workspace/install/picknik_reset_fault_controller:/home/roar/workspace/install/mecanum_drive_controller:/home/roar/workspace/install/joint_trajectory_controller:/home/roar/workspace/install/joint_state_broadcaster:/home/roar/workspace/install/imu_sensor_broadcaster:/home/roar/workspace/install/gripper_controllers:/home/roar/workspace/install/gpio_controllers:/home/roar/workspace/install/effort_controllers:/home/roar/workspace/install/forward_command_controller:/home/roar/workspace/install/force_torque_sensor_broadcaster:/home/roar/workspace/install/diff_drive_controller:/home/roar/workspace/install/admittance_controller:/home/roar/workspace/install/realtime_tools:/home/roar/workspace/install/kortex_driver:/home/roar/workspace/install/kortex_api:/home/roar/workspace/install/joint_limits:/home/roar/workspace/install/controller_interface:/home/roar/workspace/install/hardware_interface:/home/roar/workspace/install/gz_ros2_control_tests:/home/roar/workspace/install/controller_manager_msgs:/home/roar/workspace/install/control_msgs:/opt/ros/humble CONDA_PROMPT_MODIFIER=(graspnet) /usr/bin/cmake /home/roar/workspace/src/kinova_graspnet_ros2 -DCMAKE_INSTALL_PREFIX=/home/roar/workspace/src/install/kinova_graspnet_ros2
